g:\visstudio2013\projects\videospeedtracker\videospeedtracker\x64\release\vc120.pdb
g:\visstudio2013\projects\videospeedtracker\videospeedtracker\x64\release\videospeedtracker.obj
g:\visstudio2013\projects\videospeedtracker\videospeedtracker\x64\release\vehicledynamics.obj
g:\visstudio2013\projects\videospeedtracker\videospeedtracker\x64\release\snapshot.obj
g:\visstudio2013\projects\videospeedtracker\videospeedtracker\x64\release\projection.obj
g:\visstudio2013\projects\videospeedtracker\videospeedtracker\x64\release\globals.obj
e:\git\videospeedtracker\visualstudio2013_projects\videospeedtracker\videospeedtracker\x64\release\vc120.pdb
e:\git\videospeedtracker\visualstudio2013_projects\videospeedtracker\videospeedtracker\x64\release\videospeedtracker.obj
e:\git\videospeedtracker\visualstudio2013_projects\videospeedtracker\videospeedtracker\x64\release\vehicledynamics.obj
e:\git\videospeedtracker\visualstudio2013_projects\videospeedtracker\videospeedtracker\x64\release\snapshot.obj
e:\git\videospeedtracker\visualstudio2013_projects\videospeedtracker\videospeedtracker\x64\release\projection.obj
e:\git\videospeedtracker\visualstudio2013_projects\videospeedtracker\videospeedtracker\x64\release\globals.obj
g:\visstudio2013\projects\videospeedtracker\x64\release\videospeedtracker.exe
g:\visstudio2013\projects\videospeedtracker\x64\release\videospeedtracker.pdb
e:\git\videospeedtracker\visualstudio2013_projects\videospeedtracker\x64\release\videospeedtracker.pdb
e:\git\videospeedtracker\visualstudio2013_projects\videospeedtracker\videospeedtracker\x64\release\videospe.4fe0f879.tlog\cl.command.1.tlog
e:\git\videospeedtracker\visualstudio2013_projects\videospeedtracker\videospeedtracker\x64\release\videospe.4fe0f879.tlog\cl.read.1.tlog
e:\git\videospeedtracker\visualstudio2013_projects\videospeedtracker\videospeedtracker\x64\release\videospe.4fe0f879.tlog\cl.write.1.tlog
e:\git\videospeedtracker\visualstudio2013_projects\videospeedtracker\videospeedtracker\x64\release\videospe.4fe0f879.tlog\link.command.1.tlog
e:\git\videospeedtracker\visualstudio2013_projects\videospeedtracker\videospeedtracker\x64\release\videospe.4fe0f879.tlog\link.read.1.tlog
e:\git\videospeedtracker\visualstudio2013_projects\videospeedtracker\videospeedtracker\x64\release\videospe.4fe0f879.tlog\link.write.1.tlog
